<?xml version="1.0" encoding="UTF-8"?>
<testsuite xmlns:xsi="http://www.w3.org/2001/XMLSchema-instance" xsi:noNamespaceSchemaLocation="https://maven.apache.org/surefire/maven-surefire-plugin/xsd/surefire-test-report-3.0.xsd" version="3.0" name="edu.cmu.cs214.hw3.PlayerTest" time="0.01" tests="9" errors="0" skipped="0" failures="0">
  <properties>
    <property name="java.specification.version" value="17"/>
    <property name="sun.cpu.isalist" value="amd64"/>
    <property name="sun.jnu.encoding" value="Cp1252"/>
    <property name="java.class.path" value="C:\Users\janet\cmu\17514\hw3-santorini-jandaii\target\test-classes;C:\Users\janet\cmu\17514\hw3-santorini-jandaii\target\classes;C:\Users\janet\.m2\repository\junit\junit\4.13.2\junit-4.13.2.jar;C:\Users\janet\.m2\repository\org\hamcrest\hamcrest-core\1.3\hamcrest-core-1.3.jar;C:\Users\janet\.m2\repository\commons-cli\commons-cli\1.4\commons-cli-1.4.jar;"/>
    <property name="java.vm.vendor" value="Oracle Corporation"/>
    <property name="sun.arch.data.model" value="64"/>
    <property name="user.variant" value=""/>
    <property name="java.vendor.url" value="https://java.oracle.com/"/>
    <property name="user.timezone" value="America/New_York"/>
    <property name="os.name" value="Windows 10"/>
    <property name="java.vm.specification.version" value="17"/>
    <property name="sun.java.launcher" value="SUN_STANDARD"/>
    <property name="user.country" value="US"/>
    <property name="sun.boot.library.path" value="C:\Program Files (x86)\jdk-17\bin"/>
    <property name="sun.java.command" value="C:\Users\janet\AppData\Local\Temp\surefire15890488790368091494\surefirebooter-20230227134527140_3.jar C:\Users\janet\AppData\Local\Temp\surefire15890488790368091494 2023-02-27T13-45-26_797-jvmRun1 surefire-20230227134527140_1tmp surefire_0-20230227134527140_2tmp"/>
    <property name="jdk.debug" value="release"/>
    <property name="surefire.test.class.path" value="C:\Users\janet\cmu\17514\hw3-santorini-jandaii\target\test-classes;C:\Users\janet\cmu\17514\hw3-santorini-jandaii\target\classes;C:\Users\janet\.m2\repository\junit\junit\4.13.2\junit-4.13.2.jar;C:\Users\janet\.m2\repository\org\hamcrest\hamcrest-core\1.3\hamcrest-core-1.3.jar;C:\Users\janet\.m2\repository\commons-cli\commons-cli\1.4\commons-cli-1.4.jar;"/>
    <property name="sun.cpu.endian" value="little"/>
    <property name="user.home" value="C:\Users\janet"/>
    <property name="user.language" value="en"/>
    <property name="java.specification.vendor" value="Oracle Corporation"/>
    <property name="java.version.date" value="2021-09-14"/>
    <property name="java.home" value="C:\Program Files (x86)\jdk-17"/>
    <property name="file.separator" value="\"/>
    <property name="basedir" value="C:\Users\janet\cmu\17514\hw3-santorini-jandaii"/>
    <property name="java.vm.compressedOopsMode" value="Zero based"/>
    <property name="line.separator" value="&#10;"/>
    <property name="java.vm.specification.vendor" value="Oracle Corporation"/>
    <property name="java.specification.name" value="Java Platform API Specification"/>
    <property name="surefire.real.class.path" value="C:\Users\janet\AppData\Local\Temp\surefire15890488790368091494\surefirebooter-20230227134527140_3.jar"/>
    <property name="user.script" value=""/>
    <property name="sun.management.compiler" value="HotSpot 64-Bit Tiered Compilers"/>
    <property name="java.runtime.version" value="17+35-2724"/>
    <property name="user.name" value="janet"/>
    <property name="path.separator" value=";"/>
    <property name="os.version" value="10.0"/>
    <property name="java.runtime.name" value="OpenJDK Runtime Environment"/>
    <property name="file.encoding" value="Cp1252"/>
    <property name="java.vm.name" value="OpenJDK 64-Bit Server VM"/>
    <property name="localRepository" value="C:\Users\janet\.m2\repository"/>
    <property name="java.vendor.url.bug" value="https://bugreport.java.com/bugreport/"/>
    <property name="java.io.tmpdir" value="C:\Users\janet\AppData\Local\Temp\"/>
    <property name="java.version" value="17"/>
    <property name="user.dir" value="C:\Users\janet\cmu\17514\hw3-santorini-jandaii"/>
    <property name="os.arch" value="amd64"/>
    <property name="java.vm.specification.name" value="Java Virtual Machine Specification"/>
    <property name="sun.os.patch.level" value=""/>
    <property name="native.encoding" value="Cp1252"/>
    <property name="java.library.path" value="C:\Program Files (x86)\jdk-17\bin;C:\Windows\Sun\Java\bin;C:\Windows\system32;C:\Windows;C:\Program Files\Common Files\Oracle\Java\javapath;C:\Program Files (x86)\jdk-17\bin;C:\Program Files (x86)\jdk-17\jre\bin;C:\Windows\system32;C:\Windows;C:\Windows\System32\Wbem;C:\Windows\System32\WindowsPowerShell\v1.0\;C:\Windows\System32\OpenSSH\;C:\Program Files\Git\cmd;C:\Program Files\Maven\apache-maven-3.9.0\bin;C:\Users\janet\AppData\Local\Microsoft\WindowsApps;;C:\Users\janet\AppData\Local\Programs\Microsoft VS Code\bin;."/>
    <property name="java.vm.info" value="mixed mode, sharing"/>
    <property name="java.vendor" value="Oracle Corporation"/>
    <property name="java.vm.version" value="17+35-2724"/>
    <property name="sun.io.unicode.encoding" value="UnicodeLittle"/>
    <property name="java.class.version" value="61.0"/>
  </properties>
  <testcase name="moveWorker" classname="edu.cmu.cs214.hw3.PlayerTest" time="0"/>
  <testcase name="ifMovableTrueTest" classname="edu.cmu.cs214.hw3.PlayerTest" time="0"/>
  <testcase name="moveWorkerFalse" classname="edu.cmu.cs214.hw3.PlayerTest" time="0.004">
    <system-out><![CDATA[This is not a valid move.
]]></system-out>
  </testcase>
  <testcase name="buildTowerTrue" classname="edu.cmu.cs214.hw3.PlayerTest" time="0"/>
  <testcase name="getWinStatusfalseTest" classname="edu.cmu.cs214.hw3.PlayerTest" time="0"/>
  <testcase name="testAddWorker" classname="edu.cmu.cs214.hw3.PlayerTest" time="0"/>
  <testcase name="ifMovableFalseTest" classname="edu.cmu.cs214.hw3.PlayerTest" time="0"/>
  <testcase name="buildTowerFalse" classname="edu.cmu.cs214.hw3.PlayerTest" time="0.003">
    <system-out><![CDATA[This grid is too far.
]]></system-out>
  </testcase>
  <testcase name="getWinStatusTest" classname="edu.cmu.cs214.hw3.PlayerTest" time="0"/>
</testsuite>